2021-04-14 19:28:45.875  WARN 2338 --- [restartedMain] o.s.boot.StartupInfoLogger               : InetAddress.getLocalHost().getHostName() took 5002 milliseconds to respond. Please verify your network configuration (macOS machines may need to add entries to /etc/hosts).
2021-04-14 19:28:50.883  INFO 2338 --- [restartedMain] com.fy.lth.LthApplication                : Starting LthApplication using Java 1.8.0_241 on fengyuedeMacBook-Pro.local with PID 2338 (/Users/fengyue/IdeaProjects/lth/target/classes started by fengyue in /Users/fengyue/IdeaProjects/lth)
2021-04-14 19:28:50.883  INFO 2338 --- [restartedMain] com.fy.lth.LthApplication                : No active profile set, falling back to default profiles: default
2021-04-14 19:28:50.916  INFO 2338 --- [restartedMain] .e.DevToolsPropertyDefaultsPostProcessor : Devtools property defaults active! Set 'spring.devtools.add-properties' to 'false' to disable
2021-04-14 19:28:51.344  INFO 2338 --- [restartedMain] o.s.b.d.a.OptionalLiveReloadServer       : LiveReload server is running on port 35729
2021-04-14 19:28:51.585  WARN 2338 --- [restartedMain] org.jline                                : Unable to create a system terminal, creating a dumb terminal (enable debug logging for more information)
2021-04-14 19:28:51.659  INFO 2338 --- [restartedMain] com.fy.lth.LthApplication                : Started LthApplication in 21.087 seconds (JVM running for 26.576)
2021-04-14 19:30:34.678  WARN 2365 --- [restartedMain] o.s.boot.StartupInfoLogger               : InetAddress.getLocalHost().getHostName() took 5001 milliseconds to respond. Please verify your network configuration (macOS machines may need to add entries to /etc/hosts).
2021-04-14 19:30:39.687  INFO 2365 --- [restartedMain] com.fy.lth.LthApplication                : Starting LthApplication using Java 1.8.0_241 on fengyuedeMacBook-Pro.local with PID 2365 (/Users/fengyue/IdeaProjects/lth/target/classes started by fengyue in /Users/fengyue/IdeaProjects/lth)
2021-04-14 19:30:39.688  INFO 2365 --- [restartedMain] com.fy.lth.LthApplication                : No active profile set, falling back to default profiles: default
2021-04-14 19:30:39.729  INFO 2365 --- [restartedMain] .e.DevToolsPropertyDefaultsPostProcessor : Devtools property defaults active! Set 'spring.devtools.add-properties' to 'false' to disable
2021-04-14 19:30:40.196  INFO 2365 --- [restartedMain] o.s.b.d.a.OptionalLiveReloadServer       : LiveReload server is running on port 35729
2021-04-14 19:30:40.458  WARN 2365 --- [restartedMain] org.jline                                : Unable to create a system terminal, creating a dumb terminal (enable debug logging for more information)
2021-04-14 19:30:40.548  INFO 2365 --- [restartedMain] com.fy.lth.LthApplication                : Started LthApplication in 21.268 seconds (JVM running for 26.966)
2021-04-14 19:37:44.200  INFO 2365 --- [restartedMain] ConditionEvaluationReportLoggingListener : 

Error starting ApplicationContext. To display the conditions report re-run your application with 'debug' enabled.
2021-04-14 19:37:44.240 ERROR 2365 --- [restartedMain] o.s.boot.SpringApplication               : Application run failed

java.lang.IllegalStateException: Failed to execute ApplicationRunner
	at org.springframework.boot.SpringApplication.callRunner(SpringApplication.java:800) [spring-boot-2.4.4.jar:2.4.4]
	at org.springframework.boot.SpringApplication.callRunners(SpringApplication.java:787) [spring-boot-2.4.4.jar:2.4.4]
	at org.springframework.boot.SpringApplication.run(SpringApplication.java:333) [spring-boot-2.4.4.jar:2.4.4]
	at org.springframework.boot.SpringApplication.run(SpringApplication.java:1313) [spring-boot-2.4.4.jar:2.4.4]
	at org.springframework.boot.SpringApplication.run(SpringApplication.java:1302) [spring-boot-2.4.4.jar:2.4.4]
	at com.fy.lth.LthApplication.main(LthApplication.java:10) [classes/:na]
	at sun.reflect.NativeMethodAccessorImpl.invoke0(Native Method) ~[na:1.8.0_241]
	at sun.reflect.NativeMethodAccessorImpl.invoke(NativeMethodAccessorImpl.java:62) ~[na:1.8.0_241]
	at sun.reflect.DelegatingMethodAccessorImpl.invoke(DelegatingMethodAccessorImpl.java:43) ~[na:1.8.0_241]
	at java.lang.reflect.Method.invoke(Method.java:498) ~[na:1.8.0_241]
	at org.springframework.boot.devtools.restart.RestartLauncher.run(RestartLauncher.java:49) [spring-boot-devtools-2.4.4.jar:2.4.4]
Caused by: java.lang.NullPointerException: null
	at org.springframework.shell.jline.ParsedLineInput.words(ParsedLineInput.java:44) ~[spring-shell-core-2.0.0.RELEASE.jar:2.0.0.RELEASE]
	at org.springframework.shell.Shell.noInput(Shell.java:194) ~[spring-shell-core-2.0.0.RELEASE.jar:2.0.0.RELEASE]
	at org.springframework.shell.Shell.evaluate(Shell.java:151) ~[spring-shell-core-2.0.0.RELEASE.jar:2.0.0.RELEASE]
	at org.springframework.shell.Shell.run(Shell.java:134) ~[spring-shell-core-2.0.0.RELEASE.jar:2.0.0.RELEASE]
	at org.springframework.shell.jline.InteractiveShellApplicationRunner.run(InteractiveShellApplicationRunner.java:84) ~[spring-shell-core-2.0.0.RELEASE.jar:2.0.0.RELEASE]
	at org.springframework.boot.SpringApplication.callRunner(SpringApplication.java:797) [spring-boot-2.4.4.jar:2.4.4]
	... 10 common frames omitted

2021-04-14 19:38:09.058  WARN 2472 --- [restartedMain] o.s.boot.StartupInfoLogger               : InetAddress.getLocalHost().getHostName() took 5005 milliseconds to respond. Please verify your network configuration (macOS machines may need to add entries to /etc/hosts).
2021-04-14 19:38:14.069  INFO 2472 --- [restartedMain] com.fy.lth.LthApplication                : Starting LthApplication using Java 1.8.0_241 on fengyuedeMacBook-Pro.local with PID 2472 (/Users/fengyue/IdeaProjects/lth/target/classes started by fengyue in /Users/fengyue/IdeaProjects/lth)
2021-04-14 19:38:14.070  INFO 2472 --- [restartedMain] com.fy.lth.LthApplication                : No active profile set, falling back to default profiles: default
2021-04-14 19:38:14.111  INFO 2472 --- [restartedMain] .e.DevToolsPropertyDefaultsPostProcessor : Devtools property defaults active! Set 'spring.devtools.add-properties' to 'false' to disable
2021-04-14 19:38:14.576  INFO 2472 --- [restartedMain] o.s.b.d.a.OptionalLiveReloadServer       : LiveReload server is running on port 35729
2021-04-14 19:38:14.825  WARN 2472 --- [restartedMain] org.jline                                : Unable to create a system terminal, creating a dumb terminal (enable debug logging for more information)
2021-04-14 19:38:14.893  INFO 2472 --- [restartedMain] com.fy.lth.LthApplication                : Started LthApplication in 21.125 seconds (JVM running for 26.639)
